Log Written Date: 5/16/2019 8:48:09 PM

Message :30,"PLATE10000-E","F4",0,"Correct pipetting","1402280355","2014-01-01 12:27:31","Hokey.Pokey",22222


In file C:\eva\Projects\dotNet\TimerService\File\InputFiles\input.csv, function CvsToJson()



Log Written Date: 5/16/2019 8:48:09 PM

Message :Invalid csv line


In file C:\eva\Projects\dotNet\TimerService\File\InputFiles\input.csv, function CvsToJson()



Log Written Date: 5/16/2019 8:48:09 PM

Message :48,"PLATE10000-E","H6",0,"Correct pipetting","1402281513","2014-01-01 12:28:45"


In file C:\eva\Projects\dotNet\TimerService\File\InputFiles\input.csv, function CvsToJson()



Log Written Date: 5/16/2019 8:48:09 PM

Message :Invalid csv line


In file C:\eva\Projects\dotNet\TimerService\File\InputFiles\input.csv, function CvsToJson()



Log Written Date: 5/16/2019 8:48:09 PM

Message :96,"PLATE10001-E","0","Correct pipetting","C00273","2014-01-01 12:33:44","Hokey.Pokey"


In file C:\eva\Projects\dotNet\TimerService\File\InputFiles\input.csv, function CvsToJson()



Log Written Date: 5/16/2019 8:48:09 PM

Message :Invalid csv line


In file C:\eva\Projects\dotNet\TimerService\File\InputFiles\input.csv, function CvsToJson()



Log Written Date: 5/16/2019 8:48:09 PM

Message :File is converted to json.


In file C:\eva\Projects\dotNet\TimerService\File\InputFiles\input.csv, function CvsToJson()



Log Written Date: 5/16/2019 8:48:09 PM

Message :File moved to processed folder.


In file C:\eva\Projects\dotNet\TimerService\File\InputFiles\input.csv, function CvsToJson()



Log Written Date: 5/16/2019 8:48:09 PM

Message :File is converted to json.


In file C:\eva\Projects\dotNet\TimerService\File\InputFiles\inputGood1.csv, function CvsToJson()



Log Written Date: 5/16/2019 8:48:09 PM

Message :File moved to processed folder.


In file C:\eva\Projects\dotNet\TimerService\File\InputFiles\inputGood1.csv, function CvsToJson()



Log Written Date: 5/16/2019 8:48:09 PM

Message :File is converted to json.


In file C:\eva\Projects\dotNet\TimerService\File\InputFiles\inputGood2.csv, function CvsToJson()



Log Written Date: 5/16/2019 8:48:09 PM

Message :File moved to processed folder.


In file C:\eva\Projects\dotNet\TimerService\File\InputFiles\inputGood2.csv, function CvsToJson()



Log Written Date: 5/16/2019 10:04:16 PM

Message :30,"PLATE10000-E","F4",0,"Correct pipetting","1402280355","2014-01-01 12:27:31","Hokey.Pokey",22222


In file C:\eva\Projects\dotNet\TimerService\File\InputFiles\input.csv, function CvsToJson()



Log Written Date: 5/16/2019 10:04:16 PM

Message :Invalid csv line


In file C:\eva\Projects\dotNet\TimerService\File\InputFiles\input.csv, function CvsToJson()



Log Written Date: 5/16/2019 10:04:16 PM

Message :48,"PLATE10000-E","H6",0,"Correct pipetting","1402281513","2014-01-01 12:28:45"


In file C:\eva\Projects\dotNet\TimerService\File\InputFiles\input.csv, function CvsToJson()



Log Written Date: 5/16/2019 10:04:16 PM

Message :Invalid csv line


In file C:\eva\Projects\dotNet\TimerService\File\InputFiles\input.csv, function CvsToJson()



Log Written Date: 5/16/2019 10:04:16 PM

Message :96,"PLATE10001-E","0","Correct pipetting","C00273","2014-01-01 12:33:44","Hokey.Pokey"


In file C:\eva\Projects\dotNet\TimerService\File\InputFiles\input.csv, function CvsToJson()



Log Written Date: 5/16/2019 10:04:16 PM

Message :Invalid csv line


In file C:\eva\Projects\dotNet\TimerService\File\InputFiles\input.csv, function CvsToJson()



Log Written Date: 5/16/2019 10:04:16 PM

Message :File is converted to json.


In file C:\eva\Projects\dotNet\TimerService\File\InputFiles\input.csv, function CvsToJson()



Log Written Date: 5/16/2019 10:04:16 PM

Message :File moved to processed folder.


In file C:\eva\Projects\dotNet\TimerService\File\InputFiles\input.csv, function CvsToJson()



Log Written Date: 5/16/2019 10:05:16 PM

Message :File Not Found.


In file , function CvsToJson()



Log Written Date: 5/16/2019 10:06:16 PM

Message :File Not Found.


In file , function CvsToJson()



Log Written Date: 5/16/2019 10:07:16 PM

Message :File Not Found.


In file , function CvsToJson()



Log Written Date: 5/16/2019 10:08:16 PM

Message :File Not Found.


In file , function CvsToJson()



Log Written Date: 5/16/2019 10:09:16 PM

Message :File Not Found.


In file , function CvsToJson()



Log Written Date: 5/16/2019 10:10:16 PM

Message :File Not Found.


In file , function CvsToJson()



Log Written Date: 5/16/2019 10:11:17 PM

Message :File Not Found.


In file , function CvsToJson()



Log Written Date: 5/16/2019 10:12:17 PM

Message :File Not Found.


In file , function CvsToJson()



Log Written Date: 5/16/2019 10:13:17 PM

Message :File Not Found.


In file , function CvsToJson()



Log Written Date: 5/16/2019 10:14:17 PM

Message :File Not Found.


In file , function CvsToJson()



Log Written Date: 5/16/2019 10:15:17 PM

Message :File Not Found.


In file , function CvsToJson()



Log Written Date: 5/16/2019 10:16:17 PM

Message :File Not Found.


In file , function CvsToJson()



Log Written Date: 5/16/2019 10:17:17 PM

Message :File Not Found.


In file , function CvsToJson()



Log Written Date: 5/16/2019 10:18:17 PM

Message :File Not Found.


In file , function CvsToJson()



Log Written Date: 5/16/2019 10:19:17 PM

Message :File Not Found.


In file , function CvsToJson()



Log Written Date: 5/16/2019 10:20:17 PM

Message :File Not Found.


In file , function CvsToJson()



Log Written Date: 5/16/2019 10:21:17 PM

Message :File Not Found.


In file , function CvsToJson()



Log Written Date: 5/16/2019 10:22:17 PM

Message :File Not Found.


In file , function CvsToJson()



Log Written Date: 5/16/2019 10:23:17 PM

Message :File Not Found.


In file , function CvsToJson()



Log Written Date: 5/16/2019 10:24:17 PM

Message :File Not Found.


In file , function CvsToJson()



Log Written Date: 5/16/2019 10:25:17 PM

Message :File Not Found.


In file , function CvsToJson()



Log Written Date: 5/16/2019 10:26:17 PM

Message :File Not Found.


In file , function CvsToJson()



Log Written Date: 5/16/2019 10:27:17 PM

Message :File Not Found.


In file , function CvsToJson()



Log Written Date: 5/16/2019 10:28:17 PM

Message :File Not Found.


In file , function CvsToJson()



Log Written Date: 5/16/2019 10:29:17 PM

Message :File Not Found.


In file , function CvsToJson()



Log Written Date: 5/16/2019 10:30:17 PM

Message :File Not Found.


In file , function CvsToJson()



Log Written Date: 5/16/2019 10:31:17 PM

Message :File Not Found.


In file , function CvsToJson()



Log Written Date: 5/16/2019 10:32:17 PM

Message :File Not Found.


In file , function CvsToJson()



Log Written Date: 5/16/2019 10:33:17 PM

Message :File Not Found.


In file , function CvsToJson()



Log Written Date: 5/16/2019 10:34:17 PM

Message :File Not Found.


In file , function CvsToJson()



Log Written Date: 5/16/2019 10:35:17 PM

Message :File Not Found.


In file , function CvsToJson()



Log Written Date: 5/16/2019 10:36:17 PM

Message :File Not Found.


In file , function CvsToJson()



Log Written Date: 5/16/2019 10:37:17 PM

Message :File Not Found.


In file , function CvsToJson()



Log Written Date: 5/16/2019 10:38:17 PM

Message :File Not Found.


In file , function CvsToJson()



Log Written Date: 5/16/2019 10:39:17 PM

Message :File Not Found.


In file , function CvsToJson()



Log Written Date: 5/16/2019 10:40:17 PM

Message :File Not Found.


In file , function CvsToJson()



Log Written Date: 5/16/2019 10:41:17 PM

Message :File Not Found.


In file , function CvsToJson()



Log Written Date: 5/16/2019 10:42:17 PM

Message :File Not Found.


In file , function CvsToJson()



Log Written Date: 5/16/2019 10:43:17 PM

Message :File Not Found.


In file , function CvsToJson()



Log Written Date: 5/16/2019 10:44:17 PM

Message :File Not Found.


In file , function CvsToJson()



Log Written Date: 5/16/2019 10:45:17 PM

Message :File Not Found.


In file , function CvsToJson()



Log Written Date: 5/16/2019 10:46:17 PM

Message :File Not Found.


In file , function CvsToJson()



Log Written Date: 5/16/2019 10:47:17 PM

Message :File Not Found.


In file , function CvsToJson()



Log Written Date: 5/16/2019 10:48:17 PM

Message :File Not Found.


In file , function CvsToJson()



Log Written Date: 5/16/2019 10:49:17 PM

Message :File Not Found.


In file , function CvsToJson()



Log Written Date: 5/16/2019 10:50:17 PM

Message :File Not Found.


In file , function CvsToJson()



Log Written Date: 5/16/2019 10:51:17 PM

Message :File Not Found.


In file , function CvsToJson()



Log Written Date: 5/16/2019 10:52:17 PM

Message :File Not Found.


In file , function CvsToJson()



Log Written Date: 5/16/2019 10:53:17 PM

Message :File Not Found.


In file , function CvsToJson()



Log Written Date: 5/16/2019 10:54:17 PM

Message :File Not Found.


In file , function CvsToJson()



Log Written Date: 5/16/2019 10:55:17 PM

Message :File Not Found.


In file , function CvsToJson()



Log Written Date: 5/16/2019 10:56:17 PM

Message :File Not Found.


In file , function CvsToJson()



Log Written Date: 5/16/2019 10:57:17 PM

Message :File Not Found.


In file , function CvsToJson()



Log Written Date: 5/16/2019 10:58:17 PM

Message :File Not Found.


In file , function CvsToJson()



Log Written Date: 5/16/2019 10:59:17 PM

Message :File Not Found.


In file , function CvsToJson()



Log Written Date: 5/16/2019 11:00:17 PM

Message :File Not Found.


In file , function CvsToJson()



Log Written Date: 5/16/2019 11:01:17 PM

Message :File Not Found.


In file , function CvsToJson()



Log Written Date: 5/16/2019 11:02:17 PM

Message :File Not Found.


In file , function CvsToJson()



Log Written Date: 5/16/2019 11:03:17 PM

Message :File Not Found.


In file , function CvsToJson()



Log Written Date: 5/16/2019 11:04:17 PM

Message :File Not Found.


In file , function CvsToJson()



Log Written Date: 5/16/2019 11:05:17 PM

Message :File Not Found.


In file , function CvsToJson()



Log Written Date: 5/16/2019 11:06:17 PM

Message :File Not Found.


In file , function CvsToJson()



Log Written Date: 5/16/2019 11:07:17 PM

Message :File Not Found.


In file , function CvsToJson()



Log Written Date: 5/16/2019 11:08:17 PM

Message :File Not Found.


In file , function CvsToJson()



Log Written Date: 5/16/2019 11:09:17 PM

Message :File Not Found.


In file , function CvsToJson()



